<?xml version="1.0" encoding="UTF-8"?>
<testng-results skipped="0" failed="0" total="2" passed="2">
  <reporter-output>
  </reporter-output>
  <suite name="Suite" duration-ms="9025" started-at="2016-12-23T12:18:06Z" finished-at="2016-12-23T12:18:15Z">
    <groups>
    </groups>
    <test name="Test1" duration-ms="8629" started-at="2016-12-23T12:18:06Z" finished-at="2016-12-23T12:18:15Z">
      <class name="GridTestNG.GridTest.IntegrationTest.WebShopSignInTest">
        <test-method status="PASS" signature="testDeclaration()[pri:0, instance:GridTestNG.GridTest.IntegrationTest.WebShopSignInTest@336f1079]" name="testDeclaration" is-config="true" duration-ms="2337" started-at="2016-12-23T07:18:06Z" finished-at="2016-12-23T07:18:09Z">
          <reporter-output>
          </reporter-output>
        </test-method> <!-- testDeclaration -->
        <test-method status="PASS" signature="testSteps()[pri:0, instance:GridTestNG.GridTest.IntegrationTest.WebShopSignInTest@336f1079]" name="testSteps" duration-ms="3754" started-at="2016-12-23T07:18:09Z" finished-at="2016-12-23T07:18:12Z">
          <reporter-output>
          </reporter-output>
        </test-method> <!-- testSteps -->
        <test-method status="PASS" signature="afterClass()[pri:0, instance:GridTestNG.GridTest.IntegrationTest.WebShopSignInTest@336f1079]" name="afterClass" is-config="true" duration-ms="2478" started-at="2016-12-23T07:18:12Z" finished-at="2016-12-23T07:18:15Z">
          <reporter-output>
          </reporter-output>
        </test-method> <!-- afterClass -->
      </class> <!-- GridTestNG.GridTest.IntegrationTest.WebShopSignInTest -->
    </test> <!-- Test1 -->
    <test name="Test2" duration-ms="9025" started-at="2016-12-23T12:18:06Z" finished-at="2016-12-23T12:18:15Z">
      <class name="GridTestNG.GridTest.IntegrationTest.WebShopSignInTest3">
        <test-method status="PASS" signature="testDeclaration()[pri:0, instance:GridTestNG.GridTest.IntegrationTest.WebShopSignInTest3@3a4621bd]" name="testDeclaration" is-config="true" duration-ms="2129" started-at="2016-12-23T07:18:06Z" finished-at="2016-12-23T07:18:08Z">
          <reporter-output>
          </reporter-output>
        </test-method> <!-- testDeclaration -->
        <test-method status="PASS" signature="testSteps()[pri:0, instance:GridTestNG.GridTest.IntegrationTest.WebShopSignInTest3@3a4621bd]" name="testSteps" duration-ms="5444" started-at="2016-12-23T07:18:08Z" finished-at="2016-12-23T07:18:14Z">
          <reporter-output>
          </reporter-output>
        </test-method> <!-- testSteps -->
        <test-method status="PASS" signature="afterClass()[pri:0, instance:GridTestNG.GridTest.IntegrationTest.WebShopSignInTest3@3a4621bd]" name="afterClass" is-config="true" duration-ms="1409" started-at="2016-12-23T07:18:14Z" finished-at="2016-12-23T07:18:15Z">
          <reporter-output>
          </reporter-output>
        </test-method> <!-- afterClass -->
      </class> <!-- GridTestNG.GridTest.IntegrationTest.WebShopSignInTest3 -->
    </test> <!-- Test2 -->
  </suite> <!-- Suite -->
</testng-results>
